[debug] [2019-05-14T13:29:15.833Z] ----------------------------------------------------------------------
[debug] [2019-05-14T13:29:15.837Z] Command:       C:\Program Files\nodejs\node.exe C:\Users\goodwish\AppData\Roaming\npm\node_modules\firebase-tools\lib\bin\firebase.js serve
[debug] [2019-05-14T13:29:15.837Z] CLI Version:   6.7.2
[debug] [2019-05-14T13:29:15.837Z] Platform:      win32
[debug] [2019-05-14T13:29:15.837Z] Node Version:  v10.15.3
[debug] [2019-05-14T13:29:15.840Z] Time:          Tue May 14 2019 15:29:15 GMT+0200 (South Africa Standard Time)
[debug] [2019-05-14T13:29:15.840Z] ----------------------------------------------------------------------
[debug] 
[debug] [2019-05-14T13:29:15.852Z] > command requires scopes: ["email","openid","https://www.googleapis.com/auth/cloudplatformprojects.readonly","https://www.googleapis.com/auth/firebase","https://www.googleapis.com/auth/cloud-platform"]
[debug] [2019-05-14T13:29:15.853Z] > authorizing via signed-in user
[debug] [2019-05-14T13:29:15.853Z] [iam] checking project bdsoftza for permissions ["firebase.projects.get"]
[debug] [2019-05-14T13:29:15.856Z] >>> HTTP REQUEST POST https://cloudresourcemanager.googleapis.com/v1/projects/bdsoftza:testIamPermissions  

[debug] [2019-05-14T13:29:18.138Z] <<< HTTP RESPONSE 200
[debug] [2019-05-14T13:29:18.144Z] >>> HTTP REQUEST GET https://cloudresourcemanager.googleapis.com/v1/projects/bdsoftza  
 
[debug] [2019-05-14T13:29:20.004Z] <<< HTTP RESPONSE 200
[info] 
[info] === Serving from 'C:\bdgroup\bdcompany\bdgroup-website-dev'...
[info] 
[debug] [2019-05-14T13:29:20.007Z] >>> HTTP REQUEST GET https://mobilesdk-pa.googleapis.com/v1/projects/978416736622/clients/_:getWebAppConfig  
 
[debug] [2019-05-14T13:29:20.684Z] <<< HTTP RESPONSE 200
[info] i  hosting: Serving hosting files from: wwwroot
[info] +  hosting: Local server: http://localhost:5000
