[debug] [2019-05-14T17:20:51.975Z] ----------------------------------------------------------------------
[debug] [2019-05-14T17:20:51.978Z] Command:       C:\Program Files\nodejs\node.exe C:\Users\goodwish\AppData\Roaming\npm\node_modules\firebase-tools\lib\bin\firebase.js serve
[debug] [2019-05-14T17:20:51.978Z] CLI Version:   6.7.2
[debug] [2019-05-14T17:20:51.978Z] Platform:      win32
[debug] [2019-05-14T17:20:51.978Z] Node Version:  v10.15.3
[debug] [2019-05-14T17:20:51.980Z] Time:          Tue May 14 2019 19:20:51 GMT+0200 (South Africa Standard Time)
[debug] [2019-05-14T17:20:51.980Z] ----------------------------------------------------------------------
[debug] 
[debug] [2019-05-14T17:20:51.989Z] > command requires scopes: ["email","openid","https://www.googleapis.com/auth/cloudplatformprojects.readonly","https://www.googleapis.com/auth/firebase","https://www.googleapis.com/auth/cloud-platform"]
[debug] [2019-05-14T17:20:51.990Z] > authorizing via signed-in user
[debug] [2019-05-14T17:20:51.990Z] [iam] checking project bdsoftza for permissions ["firebase.projects.get"]
[debug] [2019-05-14T17:20:51.992Z] > refreshing access token with scopes: ["email","https://www.googleapis.com/auth/cloud-platform","https://www.googleapis.com/auth/cloudplatformprojects.readonly","https://www.googleapis.com/auth/firebase","openid"]
[debug] [2019-05-14T17:20:51.993Z] >>> HTTP REQUEST POST https://www.googleapis.com/oauth2/v3/token  
 <request body omitted>
[debug] [2019-05-14T17:20:52.686Z] <<< HTTP RESPONSE 200
[debug] [2019-05-14T17:20:52.696Z] >>> HTTP REQUEST POST https://cloudresourcemanager.googleapis.com/v1/projects/bdsoftza:testIamPermissions  

[debug] [2019-05-14T17:20:54.940Z] <<< HTTP RESPONSE 200
[debug] [2019-05-14T17:20:54.944Z] >>> HTTP REQUEST GET https://cloudresourcemanager.googleapis.com/v1/projects/bdsoftza  
 
[debug] [2019-05-14T17:20:56.786Z] <<< HTTP RESPONSE 200
[info] 
[info] === Serving from 'C:\bdgroup\bdcompany\bdgroup-website-dev'...
[info] 
[debug] [2019-05-14T17:20:56.794Z] >>> HTTP REQUEST GET https://mobilesdk-pa.googleapis.com/v1/projects/978416736622/clients/_:getWebAppConfig  
 
[debug] [2019-05-14T17:20:57.734Z] <<< HTTP RESPONSE 200
[info] i  hosting: Serving hosting files from: wwwroot
[info] +  hosting: Local server: http://localhost:5000
[debug] [2019-05-14T17:40:35.626Z] ----------------------------------------------------------------------
[debug] [2019-05-14T17:40:35.630Z] Command:       C:\Program Files\nodejs\node.exe C:\Users\goodwish\AppData\Roaming\npm\node_modules\firebase-tools\lib\bin\firebase.js serve
[debug] [2019-05-14T17:40:35.630Z] CLI Version:   6.7.2
[debug] [2019-05-14T17:40:35.630Z] Platform:      win32
[debug] [2019-05-14T17:40:35.630Z] Node Version:  v10.15.3
[debug] [2019-05-14T17:40:35.633Z] Time:          Tue May 14 2019 19:40:35 GMT+0200 (South Africa Standard Time)
[debug] [2019-05-14T17:40:35.633Z] ----------------------------------------------------------------------
[debug] 
[debug] [2019-05-14T17:40:35.658Z] > command requires scopes: ["email","openid","https://www.googleapis.com/auth/cloudplatformprojects.readonly","https://www.googleapis.com/auth/firebase","https://www.googleapis.com/auth/cloud-platform"]
[debug] [2019-05-14T17:40:35.659Z] > authorizing via signed-in user
[debug] [2019-05-14T17:40:35.659Z] [iam] checking project bdsoftza for permissions ["firebase.projects.get"]
[debug] [2019-05-14T17:40:35.662Z] >>> HTTP REQUEST POST https://cloudresourcemanager.googleapis.com/v1/projects/bdsoftza:testIamPermissions  

[debug] [2019-05-14T17:40:37.785Z] <<< HTTP RESPONSE 200
[debug] [2019-05-14T17:40:37.792Z] >>> HTTP REQUEST GET https://cloudresourcemanager.googleapis.com/v1/projects/bdsoftza  
 
[debug] [2019-05-14T17:40:39.696Z] <<< HTTP RESPONSE 200
[info] 
[info] === Serving from 'C:\bdgroup\bdcompany\bdgroup-website-dev'...
[info] 
[debug] [2019-05-14T17:40:39.709Z] >>> HTTP REQUEST GET https://mobilesdk-pa.googleapis.com/v1/projects/978416736622/clients/_:getWebAppConfig  
 
[debug] [2019-05-14T17:40:40.490Z] <<< HTTP RESPONSE 200
[info] i  hosting: Serving hosting files from: wwwroot
[info] +  hosting: Local server: http://localhost:5000
